<?xml version="1.0" encoding="UTF-8"?>
<testsuite xmlns:xsi="http://www.w3.org/2001/XMLSchema-instance" xsi:noNamespaceSchemaLocation="https://maven.apache.org/surefire/maven-surefire-plugin/xsd/surefire-test-report.xsd" version="3.0.2" name="com.quantumfpo.stocks.service.AlphaVantageServiceTest" time="0.766" tests="11" errors="0" skipped="0" failures="0">
  <properties>
    <property name="java.specification.version" value="25"/>
    <property name="sun.cpu.isalist" value="amd64"/>
    <property name="maven.user.extensions" value="C:\Users\alexa/.m2/extensions.xml"/>
    <property name="sun.jnu.encoding" value="Cp1252"/>
    <property name="java.class.path" value="C:\Users\alexa\quantumFPO\target\test-classes;C:\Users\alexa\quantumFPO\target\classes;C:\Users\alexa\.m2\repository\org\springframework\boot\spring-boot-starter-web\3.5.6\spring-boot-starter-web-3.5.6.jar;C:\Users\alexa\.m2\repository\org\springframework\boot\spring-boot-starter\3.5.6\spring-boot-starter-3.5.6.jar;C:\Users\alexa\.m2\repository\org\springframework\boot\spring-boot\3.5.6\spring-boot-3.5.6.jar;C:\Users\alexa\.m2\repository\org\springframework\boot\spring-boot-autoconfigure\3.5.6\spring-boot-autoconfigure-3.5.6.jar;C:\Users\alexa\.m2\repository\org\springframework\boot\spring-boot-starter-logging\3.5.6\spring-boot-starter-logging-3.5.6.jar;C:\Users\alexa\.m2\repository\ch\qos\logback\logback-classic\1.5.18\logback-classic-1.5.18.jar;C:\Users\alexa\.m2\repository\ch\qos\logback\logback-core\1.5.18\logback-core-1.5.18.jar;C:\Users\alexa\.m2\repository\org\apache\logging\log4j\log4j-to-slf4j\2.24.3\log4j-to-slf4j-2.24.3.jar;C:\Users\alexa\.m2\repository\org\apache\logging\log4j\log4j-api\2.24.3\log4j-api-2.24.3.jar;C:\Users\alexa\.m2\repository\org\slf4j\jul-to-slf4j\2.0.17\jul-to-slf4j-2.0.17.jar;C:\Users\alexa\.m2\repository\jakarta\annotation\jakarta.annotation-api\2.1.1\jakarta.annotation-api-2.1.1.jar;C:\Users\alexa\.m2\repository\org\yaml\snakeyaml\2.4\snakeyaml-2.4.jar;C:\Users\alexa\.m2\repository\org\springframework\boot\spring-boot-starter-json\3.5.6\spring-boot-starter-json-3.5.6.jar;C:\Users\alexa\.m2\repository\com\fasterxml\jackson\datatype\jackson-datatype-jdk8\2.19.2\jackson-datatype-jdk8-2.19.2.jar;C:\Users\alexa\.m2\repository\com\fasterxml\jackson\datatype\jackson-datatype-jsr310\2.19.2\jackson-datatype-jsr310-2.19.2.jar;C:\Users\alexa\.m2\repository\com\fasterxml\jackson\module\jackson-module-parameter-names\2.19.2\jackson-module-parameter-names-2.19.2.jar;C:\Users\alexa\.m2\repository\org\springframework\boot\spring-boot-starter-tomcat\3.5.6\spring-boot-starter-tomcat-3.5.6.jar;C:\Users\alexa\.m2\repository\org\apache\tomcat\embed\tomcat-embed-core\10.1.46\tomcat-embed-core-10.1.46.jar;C:\Users\alexa\.m2\repository\org\apache\tomcat\embed\tomcat-embed-el\10.1.46\tomcat-embed-el-10.1.46.jar;C:\Users\alexa\.m2\repository\org\apache\tomcat\embed\tomcat-embed-websocket\10.1.46\tomcat-embed-websocket-10.1.46.jar;C:\Users\alexa\.m2\repository\org\springframework\spring-web\6.2.11\spring-web-6.2.11.jar;C:\Users\alexa\.m2\repository\org\springframework\spring-beans\6.2.11\spring-beans-6.2.11.jar;C:\Users\alexa\.m2\repository\io\micrometer\micrometer-observation\1.15.4\micrometer-observation-1.15.4.jar;C:\Users\alexa\.m2\repository\io\micrometer\micrometer-commons\1.15.4\micrometer-commons-1.15.4.jar;C:\Users\alexa\.m2\repository\org\springframework\spring-webmvc\6.2.11\spring-webmvc-6.2.11.jar;C:\Users\alexa\.m2\repository\org\springframework\spring-aop\6.2.11\spring-aop-6.2.11.jar;C:\Users\alexa\.m2\repository\org\springframework\spring-context\6.2.11\spring-context-6.2.11.jar;C:\Users\alexa\.m2\repository\org\springframework\spring-expression\6.2.11\spring-expression-6.2.11.jar;C:\Users\alexa\.m2\repository\com\yahoofinance-api\YahooFinanceAPI\3.15.0\YahooFinanceAPI-3.15.0.jar;C:\Users\alexa\.m2\repository\org\slf4j\slf4j-api\2.0.17\slf4j-api-2.0.17.jar;C:\Users\alexa\.m2\repository\com\fasterxml\jackson\core\jackson-databind\2.19.2\jackson-databind-2.19.2.jar;C:\Users\alexa\.m2\repository\com\fasterxml\jackson\core\jackson-annotations\2.19.2\jackson-annotations-2.19.2.jar;C:\Users\alexa\.m2\repository\com\fasterxml\jackson\core\jackson-core\2.19.2\jackson-core-2.19.2.jar;C:\Users\alexa\.m2\repository\org\junit\jupiter\junit-jupiter\5.10.2\junit-jupiter-5.10.2.jar;C:\Users\alexa\.m2\repository\org\junit\jupiter\junit-jupiter-api\5.12.2\junit-jupiter-api-5.12.2.jar;C:\Users\alexa\.m2\repository\org\opentest4j\opentest4j\1.3.0\opentest4j-1.3.0.jar;C:\Users\alexa\.m2\repository\org\junit\platform\junit-platform-commons\1.12.2\junit-platform-commons-1.12.2.jar;C:\Users\alexa\.m2\repository\org\apiguardian\apiguardian-api\1.1.2\apiguardian-api-1.1.2.jar;C:\Users\alexa\.m2\repository\org\junit\jupiter\junit-jupiter-params\5.12.2\junit-jupiter-params-5.12.2.jar;C:\Users\alexa\.m2\repository\org\junit\jupiter\junit-jupiter-engine\5.12.2\junit-jupiter-engine-5.12.2.jar;C:\Users\alexa\.m2\repository\org\junit\platform\junit-platform-engine\1.12.2\junit-platform-engine-1.12.2.jar;C:\Users\alexa\.m2\repository\org\springframework\boot\spring-boot-starter-test\3.5.6\spring-boot-starter-test-3.5.6.jar;C:\Users\alexa\.m2\repository\org\springframework\boot\spring-boot-test\3.5.6\spring-boot-test-3.5.6.jar;C:\Users\alexa\.m2\repository\org\springframework\boot\spring-boot-test-autoconfigure\3.5.6\spring-boot-test-autoconfigure-3.5.6.jar;C:\Users\alexa\.m2\repository\com\jayway\jsonpath\json-path\2.9.0\json-path-2.9.0.jar;C:\Users\alexa\.m2\repository\jakarta\xml\bind\jakarta.xml.bind-api\4.0.2\jakarta.xml.bind-api-4.0.2.jar;C:\Users\alexa\.m2\repository\jakarta\activation\jakarta.activation-api\2.1.4\jakarta.activation-api-2.1.4.jar;C:\Users\alexa\.m2\repository\net\minidev\json-smart\2.5.2\json-smart-2.5.2.jar;C:\Users\alexa\.m2\repository\net\minidev\accessors-smart\2.5.2\accessors-smart-2.5.2.jar;C:\Users\alexa\.m2\repository\org\ow2\asm\asm\9.7.1\asm-9.7.1.jar;C:\Users\alexa\.m2\repository\org\assertj\assertj-core\3.27.4\assertj-core-3.27.4.jar;C:\Users\alexa\.m2\repository\net\bytebuddy\byte-buddy\1.17.7\byte-buddy-1.17.7.jar;C:\Users\alexa\.m2\repository\org\awaitility\awaitility\4.2.2\awaitility-4.2.2.jar;C:\Users\alexa\.m2\repository\org\hamcrest\hamcrest\3.0\hamcrest-3.0.jar;C:\Users\alexa\.m2\repository\org\mockito\mockito-core\5.17.0\mockito-core-5.17.0.jar;C:\Users\alexa\.m2\repository\net\bytebuddy\byte-buddy-agent\1.17.7\byte-buddy-agent-1.17.7.jar;C:\Users\alexa\.m2\repository\org\objenesis\objenesis\3.3\objenesis-3.3.jar;C:\Users\alexa\.m2\repository\org\mockito\mockito-junit-jupiter\5.17.0\mockito-junit-jupiter-5.17.0.jar;C:\Users\alexa\.m2\repository\org\skyscreamer\jsonassert\1.5.3\jsonassert-1.5.3.jar;C:\Users\alexa\.m2\repository\com\vaadin\external\google\android-json\0.0.20131108.vaadin1\android-json-0.0.20131108.vaadin1.jar;C:\Users\alexa\.m2\repository\org\springframework\spring-core\6.2.11\spring-core-6.2.11.jar;C:\Users\alexa\.m2\repository\org\springframework\spring-jcl\6.2.11\spring-jcl-6.2.11.jar;C:\Users\alexa\.m2\repository\org\springframework\spring-test\6.2.11\spring-test-6.2.11.jar;C:\Users\alexa\.m2\repository\org\xmlunit\xmlunit-core\2.10.4\xmlunit-core-2.10.4.jar;"/>
    <property name="java.vm.vendor" value="Oracle Corporation"/>
    <property name="sun.arch.data.model" value="64"/>
    <property name="user.variant" value=""/>
    <property name="maven.user.toolchains" value="C:\Users\alexa/.m2/toolchains.xml"/>
    <property name="java.vendor.url" value="https://java.oracle.com/"/>
    <property name="user.timezone" value="Europe/Berlin"/>
    <property name="user.country.format" value="150"/>
    <property name="java.vm.specification.version" value="25"/>
    <property name="os.name" value="Windows 11"/>
    <property name="maven.repo.central" value="https://repo.maven.apache.org/maven2"/>
    <property name="sun.java.launcher" value="SUN_STANDARD"/>
    <property name="user.country" value="GB"/>
    <property name="session.topDirectory" value="C:\Users\alexa\quantumFPO"/>
    <property name="sun.boot.library.path" value="C:\Program Files\Java\jdk-25\bin"/>
    <property name="sun.java.command" value="C:\Users\alexa\AppData\Local\Temp\surefire8617040814315474286\surefirebooter-20250924141117127_3.jar C:\Users\alexa\AppData\Local\Temp\surefire8617040814315474286 2025-09-24T14-11-17_038-jvmRun1 surefire-20250924141117127_1tmp surefire_0-20250924141117127_2tmp"/>
    <property name="maven.project.settings" value="C:\Users\alexa\quantumFPO/.mvn/settings.xml"/>
    <property name="jdk.debug" value="release"/>
    <property name="surefire.test.class.path" value="C:\Users\alexa\quantumFPO\target\test-classes;C:\Users\alexa\quantumFPO\target\classes;C:\Users\alexa\.m2\repository\org\springframework\boot\spring-boot-starter-web\3.5.6\spring-boot-starter-web-3.5.6.jar;C:\Users\alexa\.m2\repository\org\springframework\boot\spring-boot-starter\3.5.6\spring-boot-starter-3.5.6.jar;C:\Users\alexa\.m2\repository\org\springframework\boot\spring-boot\3.5.6\spring-boot-3.5.6.jar;C:\Users\alexa\.m2\repository\org\springframework\boot\spring-boot-autoconfigure\3.5.6\spring-boot-autoconfigure-3.5.6.jar;C:\Users\alexa\.m2\repository\org\springframework\boot\spring-boot-starter-logging\3.5.6\spring-boot-starter-logging-3.5.6.jar;C:\Users\alexa\.m2\repository\ch\qos\logback\logback-classic\1.5.18\logback-classic-1.5.18.jar;C:\Users\alexa\.m2\repository\ch\qos\logback\logback-core\1.5.18\logback-core-1.5.18.jar;C:\Users\alexa\.m2\repository\org\apache\logging\log4j\log4j-to-slf4j\2.24.3\log4j-to-slf4j-2.24.3.jar;C:\Users\alexa\.m2\repository\org\apache\logging\log4j\log4j-api\2.24.3\log4j-api-2.24.3.jar;C:\Users\alexa\.m2\repository\org\slf4j\jul-to-slf4j\2.0.17\jul-to-slf4j-2.0.17.jar;C:\Users\alexa\.m2\repository\jakarta\annotation\jakarta.annotation-api\2.1.1\jakarta.annotation-api-2.1.1.jar;C:\Users\alexa\.m2\repository\org\yaml\snakeyaml\2.4\snakeyaml-2.4.jar;C:\Users\alexa\.m2\repository\org\springframework\boot\spring-boot-starter-json\3.5.6\spring-boot-starter-json-3.5.6.jar;C:\Users\alexa\.m2\repository\com\fasterxml\jackson\datatype\jackson-datatype-jdk8\2.19.2\jackson-datatype-jdk8-2.19.2.jar;C:\Users\alexa\.m2\repository\com\fasterxml\jackson\datatype\jackson-datatype-jsr310\2.19.2\jackson-datatype-jsr310-2.19.2.jar;C:\Users\alexa\.m2\repository\com\fasterxml\jackson\module\jackson-module-parameter-names\2.19.2\jackson-module-parameter-names-2.19.2.jar;C:\Users\alexa\.m2\repository\org\springframework\boot\spring-boot-starter-tomcat\3.5.6\spring-boot-starter-tomcat-3.5.6.jar;C:\Users\alexa\.m2\repository\org\apache\tomcat\embed\tomcat-embed-core\10.1.46\tomcat-embed-core-10.1.46.jar;C:\Users\alexa\.m2\repository\org\apache\tomcat\embed\tomcat-embed-el\10.1.46\tomcat-embed-el-10.1.46.jar;C:\Users\alexa\.m2\repository\org\apache\tomcat\embed\tomcat-embed-websocket\10.1.46\tomcat-embed-websocket-10.1.46.jar;C:\Users\alexa\.m2\repository\org\springframework\spring-web\6.2.11\spring-web-6.2.11.jar;C:\Users\alexa\.m2\repository\org\springframework\spring-beans\6.2.11\spring-beans-6.2.11.jar;C:\Users\alexa\.m2\repository\io\micrometer\micrometer-observation\1.15.4\micrometer-observation-1.15.4.jar;C:\Users\alexa\.m2\repository\io\micrometer\micrometer-commons\1.15.4\micrometer-commons-1.15.4.jar;C:\Users\alexa\.m2\repository\org\springframework\spring-webmvc\6.2.11\spring-webmvc-6.2.11.jar;C:\Users\alexa\.m2\repository\org\springframework\spring-aop\6.2.11\spring-aop-6.2.11.jar;C:\Users\alexa\.m2\repository\org\springframework\spring-context\6.2.11\spring-context-6.2.11.jar;C:\Users\alexa\.m2\repository\org\springframework\spring-expression\6.2.11\spring-expression-6.2.11.jar;C:\Users\alexa\.m2\repository\com\yahoofinance-api\YahooFinanceAPI\3.15.0\YahooFinanceAPI-3.15.0.jar;C:\Users\alexa\.m2\repository\org\slf4j\slf4j-api\2.0.17\slf4j-api-2.0.17.jar;C:\Users\alexa\.m2\repository\com\fasterxml\jackson\core\jackson-databind\2.19.2\jackson-databind-2.19.2.jar;C:\Users\alexa\.m2\repository\com\fasterxml\jackson\core\jackson-annotations\2.19.2\jackson-annotations-2.19.2.jar;C:\Users\alexa\.m2\repository\com\fasterxml\jackson\core\jackson-core\2.19.2\jackson-core-2.19.2.jar;C:\Users\alexa\.m2\repository\org\junit\jupiter\junit-jupiter\5.10.2\junit-jupiter-5.10.2.jar;C:\Users\alexa\.m2\repository\org\junit\jupiter\junit-jupiter-api\5.12.2\junit-jupiter-api-5.12.2.jar;C:\Users\alexa\.m2\repository\org\opentest4j\opentest4j\1.3.0\opentest4j-1.3.0.jar;C:\Users\alexa\.m2\repository\org\junit\platform\junit-platform-commons\1.12.2\junit-platform-commons-1.12.2.jar;C:\Users\alexa\.m2\repository\org\apiguardian\apiguardian-api\1.1.2\apiguardian-api-1.1.2.jar;C:\Users\alexa\.m2\repository\org\junit\jupiter\junit-jupiter-params\5.12.2\junit-jupiter-params-5.12.2.jar;C:\Users\alexa\.m2\repository\org\junit\jupiter\junit-jupiter-engine\5.12.2\junit-jupiter-engine-5.12.2.jar;C:\Users\alexa\.m2\repository\org\junit\platform\junit-platform-engine\1.12.2\junit-platform-engine-1.12.2.jar;C:\Users\alexa\.m2\repository\org\springframework\boot\spring-boot-starter-test\3.5.6\spring-boot-starter-test-3.5.6.jar;C:\Users\alexa\.m2\repository\org\springframework\boot\spring-boot-test\3.5.6\spring-boot-test-3.5.6.jar;C:\Users\alexa\.m2\repository\org\springframework\boot\spring-boot-test-autoconfigure\3.5.6\spring-boot-test-autoconfigure-3.5.6.jar;C:\Users\alexa\.m2\repository\com\jayway\jsonpath\json-path\2.9.0\json-path-2.9.0.jar;C:\Users\alexa\.m2\repository\jakarta\xml\bind\jakarta.xml.bind-api\4.0.2\jakarta.xml.bind-api-4.0.2.jar;C:\Users\alexa\.m2\repository\jakarta\activation\jakarta.activation-api\2.1.4\jakarta.activation-api-2.1.4.jar;C:\Users\alexa\.m2\repository\net\minidev\json-smart\2.5.2\json-smart-2.5.2.jar;C:\Users\alexa\.m2\repository\net\minidev\accessors-smart\2.5.2\accessors-smart-2.5.2.jar;C:\Users\alexa\.m2\repository\org\ow2\asm\asm\9.7.1\asm-9.7.1.jar;C:\Users\alexa\.m2\repository\org\assertj\assertj-core\3.27.4\assertj-core-3.27.4.jar;C:\Users\alexa\.m2\repository\net\bytebuddy\byte-buddy\1.17.7\byte-buddy-1.17.7.jar;C:\Users\alexa\.m2\repository\org\awaitility\awaitility\4.2.2\awaitility-4.2.2.jar;C:\Users\alexa\.m2\repository\org\hamcrest\hamcrest\3.0\hamcrest-3.0.jar;C:\Users\alexa\.m2\repository\org\mockito\mockito-core\5.17.0\mockito-core-5.17.0.jar;C:\Users\alexa\.m2\repository\net\bytebuddy\byte-buddy-agent\1.17.7\byte-buddy-agent-1.17.7.jar;C:\Users\alexa\.m2\repository\org\objenesis\objenesis\3.3\objenesis-3.3.jar;C:\Users\alexa\.m2\repository\org\mockito\mockito-junit-jupiter\5.17.0\mockito-junit-jupiter-5.17.0.jar;C:\Users\alexa\.m2\repository\org\skyscreamer\jsonassert\1.5.3\jsonassert-1.5.3.jar;C:\Users\alexa\.m2\repository\com\vaadin\external\google\android-json\0.0.20131108.vaadin1\android-json-0.0.20131108.vaadin1.jar;C:\Users\alexa\.m2\repository\org\springframework\spring-core\6.2.11\spring-core-6.2.11.jar;C:\Users\alexa\.m2\repository\org\springframework\spring-jcl\6.2.11\spring-jcl-6.2.11.jar;C:\Users\alexa\.m2\repository\org\springframework\spring-test\6.2.11\spring-test-6.2.11.jar;C:\Users\alexa\.m2\repository\org\xmlunit\xmlunit-core\2.10.4\xmlunit-core-2.10.4.jar;"/>
    <property name="sun.cpu.endian" value="little"/>
    <property name="user.home" value="C:\Users\alexa"/>
    <property name="user.language" value="en"/>
    <property name="java.specification.vendor" value="Oracle Corporation"/>
    <property name="java.version.date" value="2025-09-16"/>
    <property name="java.home" value="C:\Program Files\Java\jdk-25"/>
    <property name="maven.user.conf" value="C:\Users\alexa/.m2"/>
    <property name="file.separator" value="\"/>
    <property name="basedir" value="C:\Users\alexa\quantumFPO"/>
    <property name="java.vm.compressedOopsMode" value="Zero based"/>
    <property name="line.separator" value="&#10;"/>
    <property name="java.vm.specification.vendor" value="Oracle Corporation"/>
    <property name="java.specification.name" value="Java Platform API Specification"/>
    <property name="FILE_LOG_CHARSET" value="UTF-8"/>
    <property name="java.awt.headless" value="true"/>
    <property name="maven.project.conf" value="C:\Users\alexa\quantumFPO/.mvn"/>
    <property name="surefire.real.class.path" value="C:\Users\alexa\AppData\Local\Temp\surefire8617040814315474286\surefirebooter-20250924141117127_3.jar"/>
    <property name="session.rootDirectory" value="C:\Users\alexa\quantumFPO"/>
    <property name="user.script" value=""/>
    <property name="sun.management.compiler" value="HotSpot 64-Bit Tiered Compilers"/>
    <property name="java.runtime.version" value="25+37-LTS-3491"/>
    <property name="user.name" value="alexa"/>
    <property name="stdout.encoding" value="Cp1252"/>
    <property name="maven.installation.conf" value="C:\Users\alexa\scoop\apps\maven4\4.0.0-rc-4/conf"/>
    <property name="path.separator" value=";"/>
    <property name="os.version" value="10.0"/>
    <property name="java.runtime.name" value="Java(TM) SE Runtime Environment"/>
    <property name="file.encoding" value="UTF-8"/>
    <property name="maven.installation.toolchains" value="C:\Users\alexa\scoop\apps\maven4\4.0.0-rc-4/conf/toolchains.xml"/>
    <property name="java.vm.name" value="Java HotSpot(TM) 64-Bit Server VM"/>
    <property name="localRepository" value="C:\Users\alexa\.m2\repository"/>
    <property name="maven.project.extensions" value="C:\Users\alexa\quantumFPO/.mvn/extensions.xml"/>
    <property name="java.vendor.url.bug" value="https://bugreport.java.com/bugreport/"/>
    <property name="java.io.tmpdir" value="C:\Users\alexa\AppData\Local\Temp\"/>
    <property name="maven.installation.extensions" value="C:\Users\alexa\scoop\apps\maven4\4.0.0-rc-4/conf/extensions.xml"/>
    <property name="java.version" value="25"/>
    <property name="user.dir" value="C:\Users\alexa\quantumFPO"/>
    <property name="os.arch" value="amd64"/>
    <property name="java.vm.specification.name" value="Java Virtual Machine Specification"/>
    <property name="PID" value="48068"/>
    <property name="sun.os.patch.level" value=""/>
    <property name="CONSOLE_LOG_CHARSET" value="UTF-8"/>
    <property name="native.encoding" value="Cp1252"/>
    <property name="java.library.path" value="C:\Program Files\Java\jdk-25\bin;C:\WINDOWS\Sun\Java\bin;C:\WINDOWS\system32;C:\WINDOWS;C:\Program Files\Common Files\Oracle\Java\javapath;C:\Program Files\Microsoft\jdk-11.0.12.7-hotspot\bin;C:\Windows\system32;C:\Windows;C:\Windows\System32\Wbem;C:\Windows\System32\WindowsPowerShell\v1.0\;C:\Windows\System32\OpenSSH\;C:\Program Files (x86)\NVIDIA Corporation\PhysX\Common;C:\Program Files\Microsoft SQL Server\150\Tools\Binn\;C:\Program Files\Microsoft SQL Server\Client SDK\ODBC\170\Tools\Binn\;C:\Program Files\dotnet\;C:\WINDOWS\system32;C:\WINDOWS;C:\WINDOWS\System32\Wbem;C:\WINDOWS\System32\WindowsPowerShell\v1.0\;C:\WINDOWS\System32\OpenSSH\;C:\Program Files\Git\cmd;C:\ProgramData\chocolatey\bin;%NVM_HOME%;%NVM_SYMLINK%;C:\Program Files\Docker\Docker\resources\bin;C:\Program Files\nodejs\;C:\Users\alexa\scoop\apps\maven4\current\bin;C:\Users\alexa\scoop\shims;C:\Users\alexa\.local\bin;C:\Users\alexa\AppData\Local\Microsoft\WindowsApps;C:\Users\alexa\.dotnet\tools;C:\Users\alexa\AppData\Local\JetBrains\Toolbox\scripts;C:\Users\alexa\.dotnet\tools;C:\Users\alexa\AppData\Local\Microsoft\WindowsApps;C:\Users\alexa\AppData\Roaming\nvm;C:\Program Files\nodejs;C:\Users\alexa\AppData\Local\Programs\Microsoft VS Code\bin;C:\Users\alexa\AppData\Roaming\npm;c:\Users\alexa\.vscode\extensions\ms-python.debugpy-2025.10.0-win32-x64\bundled\scripts\noConfigScripts;c:\Users\alexa\AppData\Roaming\Code\User\globalStorage\github.copilot-chat\debugCommand;."/>
    <property name="java.vm.info" value="mixed mode, sharing"/>
    <property name="stderr.encoding" value="Cp1252"/>
    <property name="java.vendor" value="Oracle Corporation"/>
    <property name="java.vm.version" value="25+37-LTS-3491"/>
    <property name="stdin.encoding" value="Cp1252"/>
    <property name="maven.installation.settings" value="C:\Users\alexa\scoop\apps\maven4\4.0.0-rc-4/conf/settings.xml"/>
    <property name="sun.io.unicode.encoding" value="UnicodeLittle"/>
    <property name="maven.user.settings" value="C:\Users\alexa/.m2/settings.xml"/>
    <property name="java.class.version" value="69.0"/>
  </properties>
  <testcase name="testFetchStockHistoryLargeDataSet" classname="com.quantumfpo.stocks.service.AlphaVantageServiceTest" time="0.011">
    <system-out><![CDATA[2025-09-24T14:11:19.735+02:00  INFO 48068 --- [           main] c.q.stocks.service.AlphaVantageService   : Simulating Alpha Vantage response for symbol: SIM_MSFT
]]></system-out>
  </testcase>
  <testcase name="testFetchStockHistoryDataRanges" classname="com.quantumfpo.stocks.service.AlphaVantageServiceTest" time="0.002">
    <system-out><![CDATA[2025-09-24T14:11:19.737+02:00  INFO 48068 --- [           main] c.q.stocks.service.AlphaVantageService   : Simulating Alpha Vantage response for symbol: SIM_AMZN
]]></system-out>
  </testcase>
  <testcase name="testFetchStockHistoryEmptySymbol" classname="com.quantumfpo.stocks.service.AlphaVantageServiceTest" time="0.609">
    <system-out><![CDATA[2025-09-24T14:11:19.740+02:00  INFO 48068 --- [           main] c.q.stocks.service.AlphaVantageService   : Requesting Alpha Vantage API: https://www.alphavantage.co/query?function=TIME_SERIES_DAILY&symbol=&apikey=test_api_key
2025-09-24T14:11:20.344+02:00  INFO 48068 --- [           main] c.q.stocks.service.AlphaVantageService   : Alpha Vantage raw response: {
    "Information": "We have detected your API key as test_api_key and our standard API rate limit is 25 requests per day. Please subscribe to any of the premium plans at https://www.alphavantage.co/premium/ to instantly remove all daily rate limits."
}
]]></system-out>
  </testcase>
  <testcase name="testFetchStockHistoryNonSimulatorSymbol" classname="com.quantumfpo.stocks.service.AlphaVantageServiceTest" time="0.133">
    <system-out><![CDATA[2025-09-24T14:11:20.349+02:00  INFO 48068 --- [           main] c.q.stocks.service.AlphaVantageService   : Requesting Alpha Vantage API: https://www.alphavantage.co/query?function=TIME_SERIES_DAILY&symbol=REAL_AAPL&apikey=test_api_key
2025-09-24T14:11:20.479+02:00  INFO 48068 --- [           main] c.q.stocks.service.AlphaVantageService   : Alpha Vantage raw response: {
    "Information": "We have detected your API key as test_api_key and our standard API rate limit is 25 requests per day. Please subscribe to any of the premium plans at https://www.alphavantage.co/premium/ to instantly remove all daily rate limits."
}
]]></system-out>
  </testcase>
  <testcase name="testFetchStockHistoryWithDifferentDaysCounts" classname="com.quantumfpo.stocks.service.AlphaVantageServiceTest" time="0.001">
    <system-out><![CDATA[2025-09-24T14:11:20.483+02:00  INFO 48068 --- [           main] c.q.stocks.service.AlphaVantageService   : Simulating Alpha Vantage response for symbol: SIM_AAPL
2025-09-24T14:11:20.483+02:00  INFO 48068 --- [           main] c.q.stocks.service.AlphaVantageService   : Simulating Alpha Vantage response for symbol: SIM_AAPL
2025-09-24T14:11:20.483+02:00  INFO 48068 --- [           main] c.q.stocks.service.AlphaVantageService   : Simulating Alpha Vantage response for symbol: SIM_AAPL
2025-09-24T14:11:20.483+02:00  INFO 48068 --- [           main] c.q.stocks.service.AlphaVantageService   : Simulating Alpha Vantage response for symbol: SIM_AAPL
]]></system-out>
  </testcase>
  <testcase name="testFetchStockHistoryWithSimulatorSymbol" classname="com.quantumfpo.stocks.service.AlphaVantageServiceTest" time="0.001">
    <system-out><![CDATA[2025-09-24T14:11:20.484+02:00  INFO 48068 --- [           main] c.q.stocks.service.AlphaVantageService   : Simulating Alpha Vantage response for symbol: SIM_GOOGL
]]></system-out>
  </testcase>
  <testcase name="testFetchStockHistoryWithMixedSymbols" classname="com.quantumfpo.stocks.service.AlphaVantageServiceTest" time="0.001">
    <system-out><![CDATA[2025-09-24T14:11:20.485+02:00  INFO 48068 --- [           main] c.q.stocks.service.AlphaVantageService   : Simulating Alpha Vantage response for symbol: SIM_META
2025-09-24T14:11:20.485+02:00  INFO 48068 --- [           main] c.q.stocks.service.AlphaVantageService   : Simulating Alpha Vantage response for symbol: SIM_TSLA
2025-09-24T14:11:20.485+02:00  INFO 48068 --- [           main] c.q.stocks.service.AlphaVantageService   : Simulating Alpha Vantage response for symbol: SIM_NVDA
]]></system-out>
  </testcase>
  <testcase name="testFetchStockHistoryWithNullSymbol" classname="com.quantumfpo.stocks.service.AlphaVantageServiceTest" time="0.001"/>
  <testcase name="testFetchStockHistoryMultipleSimulatorSymbols" classname="com.quantumfpo.stocks.service.AlphaVantageServiceTest" time="0.001">
    <system-out><![CDATA[2025-09-24T14:11:20.488+02:00  INFO 48068 --- [           main] c.q.stocks.service.AlphaVantageService   : Simulating Alpha Vantage response for symbol: SIM_AAPL
2025-09-24T14:11:20.488+02:00  INFO 48068 --- [           main] c.q.stocks.service.AlphaVantageService   : Simulating Alpha Vantage response for symbol: SIM_GOOGL
2025-09-24T14:11:20.488+02:00  INFO 48068 --- [           main] c.q.stocks.service.AlphaVantageService   : Simulating Alpha Vantage response for symbol: SIM_AMZN
2025-09-24T14:11:20.488+02:00  INFO 48068 --- [           main] c.q.stocks.service.AlphaVantageService   : Simulating Alpha Vantage response for symbol: SIM_MSFT
2025-09-24T14:11:20.488+02:00  INFO 48068 --- [           main] c.q.stocks.service.AlphaVantageService   : Simulating Alpha Vantage response for symbol: SIM_META
]]></system-out>
  </testcase>
  <testcase name="testFetchStockHistoryMultipleDifferentSymbols" classname="com.quantumfpo.stocks.service.AlphaVantageServiceTest" time="0.001">
    <system-out><![CDATA[2025-09-24T14:11:20.489+02:00  INFO 48068 --- [           main] c.q.stocks.service.AlphaVantageService   : Simulating Alpha Vantage response for symbol: SIM_AMZN
2025-09-24T14:11:20.489+02:00  INFO 48068 --- [           main] c.q.stocks.service.AlphaVantageService   : Simulating Alpha Vantage response for symbol: SIM_AMZN
]]></system-out>
  </testcase>
  <testcase name="testFetchStockHistorySimulationConsistency" classname="com.quantumfpo.stocks.service.AlphaVantageServiceTest" time="0.001">
    <system-out><![CDATA[2025-09-24T14:11:20.491+02:00  INFO 48068 --- [           main] c.q.stocks.service.AlphaVantageService   : Simulating Alpha Vantage response for symbol: SIM_AAPL
2025-09-24T14:11:20.491+02:00  INFO 48068 --- [           main] c.q.stocks.service.AlphaVantageService   : Simulating Alpha Vantage response for symbol: SIM_AAPL
]]></system-out>
  </testcase>
</testsuite>